c:\magshimim\second_year\cpp\chess\chess\chess\x64\debug\vc143.pdb
c:\magshimim\second_year\cpp\chess\chess\chess\x64\debug\vc143.idb
c:\magshimim\second_year\cpp\chess\chess\chess\x64\debug\strightgouingfigure.obj
c:\magshimim\second_year\cpp\chess\chess\chess\x64\debug\rook.obj
c:\magshimim\second_year\cpp\chess\chess\chess\x64\debug\king.obj
c:\magshimim\second_year\cpp\chess\chess\chess\x64\debug\figure.obj
c:\magshimim\second_year\cpp\chess\chess\chess\x64\debug\field.obj
c:\magshimim\second_year\cpp\chess\chess\chess\x64\debug\coord.obj
c:\magshimim\second_year\cpp\chess\chess\chess\x64\debug\chess.obj
c:\magshimim\second_year\cpp\chess\chess\x64\debug\chess.pdb
c:\magshimim\second_year\cpp\chess\chess\chess\x64\debug\chess.tlog\cl.command.1.tlog
c:\magshimim\second_year\cpp\chess\chess\chess\x64\debug\chess.tlog\cl.items.tlog
c:\magshimim\second_year\cpp\chess\chess\chess\x64\debug\chess.tlog\cl.read.1.tlog
c:\magshimim\second_year\cpp\chess\chess\chess\x64\debug\chess.tlog\cl.write.1.tlog
c:\magshimim\second_year\cpp\chess\chess\chess\x64\debug\chess.tlog\link-cvtres.read.1.tlog
c:\magshimim\second_year\cpp\chess\chess\chess\x64\debug\chess.tlog\link-cvtres.write.1.tlog
c:\magshimim\second_year\cpp\chess\chess\chess\x64\debug\chess.tlog\link-rc.read.1.tlog
c:\magshimim\second_year\cpp\chess\chess\chess\x64\debug\chess.tlog\link-rc.write.1.tlog
c:\magshimim\second_year\cpp\chess\chess\chess\x64\debug\chess.tlog\link.7468-cvtres.read.1.tlog
c:\magshimim\second_year\cpp\chess\chess\chess\x64\debug\chess.tlog\link.7468-cvtres.write.1.tlog
c:\magshimim\second_year\cpp\chess\chess\chess\x64\debug\chess.tlog\link.7468-rc.read.1.tlog
c:\magshimim\second_year\cpp\chess\chess\chess\x64\debug\chess.tlog\link.7468-rc.write.1.tlog
c:\magshimim\second_year\cpp\chess\chess\chess\x64\debug\chess.tlog\link.7468.read.1.tlog
c:\magshimim\second_year\cpp\chess\chess\chess\x64\debug\chess.tlog\link.7468.read.2.tlog
c:\magshimim\second_year\cpp\chess\chess\chess\x64\debug\chess.tlog\link.7468.write.1.tlog
c:\magshimim\second_year\cpp\chess\chess\chess\x64\debug\chess.tlog\link.command.1.tlog
c:\magshimim\second_year\cpp\chess\chess\chess\x64\debug\chess.tlog\link.read.1.tlog
c:\magshimim\second_year\cpp\chess\chess\chess\x64\debug\chess.tlog\link.read.2.tlog
c:\magshimim\second_year\cpp\chess\chess\chess\x64\debug\chess.tlog\link.write.1.tlog
